
*** Running vivado
    with args -log ComboLock.vds -m64 -product Vivado -mode batch -messageDb vivado.pb -notrace -source ComboLock.tcl


ECHO is off.
ECHO is off.

****** Vivado v2023.2 (64-bit)
  **** SW Build 4029153 on Fri Oct 13 20:14:34 MDT 2023
  **** IP Build 4028589 on Sat Oct 14 00:45:43 MDT 2023
  **** SharedData Build 4025554 on Tue Oct 10 17:18:54 MDT 2023
    ** Copyright 1986-2022 Xilinx, Inc. All Rights Reserved.
    ** Copyright 2022-2023 Advanced Micro Devices, Inc. All Rights Reserved.

source ComboLock.tcl -notrace
create_project: Time (s): cpu = 00:00:06 ; elapsed = 00:00:06 . Memory (MB): peak = 468.008 ; gain = 183.289
Command: read_checkpoint -auto_incremental -incremental H:/Desktop/project_1/project_1.srcs/utils_1/imports/synth_1/top_level.dcp
INFO: [Vivado 12-5825] Read reference checkpoint from H:/Desktop/project_1/project_1.srcs/utils_1/imports/synth_1/top_level.dcp for incremental synthesis
INFO: [Vivado 12-7989] Please ensure there are no constraint changes
Command: synth_design -top ComboLock -part xc7a100tcsg324-1
Starting synth_design
Attempting to get a license for feature 'Synthesis' and/or device 'xc7a100t'
INFO: [Common 17-349] Got license for feature 'Synthesis' and/or device 'xc7a100t'
INFO: [Device 21-403] Loading part xc7a100tcsg324-1
INFO: [Designutils 20-5440] No compile time benefit to using incremental synthesis; A full resynthesis will be run
INFO: [Designutils 20-4379] Flow is switching to default flow due to incremental criteria not met. If you would like to alter this behaviour and have the flow terminate instead, please set the following parameter config_implementation {autoIncr.Synth.RejectBehavior Terminate}
INFO: [Synth 8-7079] Multithreading enabled for synth_design using a maximum of 2 processes.
INFO: [Synth 8-7078] Launching helper process for spawning children vivado processes
INFO: [Synth 8-7075] Helper process launched with PID 1069240
---------------------------------------------------------------------------------
Starting RTL Elaboration : Time (s): cpu = 00:00:04 ; elapsed = 00:00:06 . Memory (MB): peak = 1321.215 ; gain = 441.242
---------------------------------------------------------------------------------
INFO: [Synth 8-638] synthesizing module 'ComboLock' [H:/Desktop/project_1/project_1.srcs/sources_1/new/combo-lock.vhd:12]
INFO: [Synth 8-3491] module 'BCDto7Seg' declared at 'H:/Desktop/Lab08/Lab08/design_sources/seven_segment_driver.vhd:5' bound to instance 'display_driver' of component 'BCDto7Seg' [H:/Desktop/project_1/project_1.srcs/sources_1/new/combo-lock.vhd:45]
INFO: [Synth 8-638] synthesizing module 'BCDto7Seg' [H:/Desktop/Lab08/Lab08/design_sources/seven_segment_driver.vhd:12]
INFO: [Synth 8-226] default block is never used [H:/Desktop/Lab08/Lab08/design_sources/seven_segment_driver.vhd:40]
INFO: [Synth 8-256] done synthesizing module 'BCDto7Seg' (0#1) [H:/Desktop/Lab08/Lab08/design_sources/seven_segment_driver.vhd:12]
WARNING: [Synth 8-614] signal 'past_third_num' is read in the process but is not in the sensitivity list [H:/Desktop/project_1/project_1.srcs/sources_1/new/combo-lock.vhd:51]
INFO: [Synth 8-226] default block is never used [H:/Desktop/project_1/project_1.srcs/sources_1/new/combo-lock.vhd:83]
WARNING: [Synth 8-614] signal 'index' is read in the process but is not in the sensitivity list [H:/Desktop/project_1/project_1.srcs/sources_1/new/combo-lock.vhd:119]
WARNING: [Synth 8-614] signal 'past_third_num' is read in the process but is not in the sensitivity list [H:/Desktop/project_1/project_1.srcs/sources_1/new/combo-lock.vhd:119]
WARNING: [Synth 8-614] signal 'skipped_second_num' is read in the process but is not in the sensitivity list [H:/Desktop/project_1/project_1.srcs/sources_1/new/combo-lock.vhd:119]
WARNING: [Synth 8-614] signal 'input_seq' is read in the process but is not in the sensitivity list [H:/Desktop/project_1/project_1.srcs/sources_1/new/combo-lock.vhd:119]
WARNING: [Synth 8-614] signal 'valid' is read in the process but is not in the sensitivity list [H:/Desktop/project_1/project_1.srcs/sources_1/new/combo-lock.vhd:119]
WARNING: [Synth 8-614] signal 'char_index' is read in the process but is not in the sensitivity list [H:/Desktop/project_1/project_1.srcs/sources_1/new/combo-lock.vhd:119]
INFO: [Synth 8-256] done synthesizing module 'ComboLock' (0#1) [H:/Desktop/project_1/project_1.srcs/sources_1/new/combo-lock.vhd:12]
WARNING: [Synth 8-3848] Net AN in module/entity ComboLock does not have driver. [H:/Desktop/project_1/project_1.srcs/sources_1/new/combo-lock.vhd:8]
WARNING: [Synth 8-7129] Port AN[7] in module ComboLock is either unconnected or has no load
WARNING: [Synth 8-7129] Port AN[6] in module ComboLock is either unconnected or has no load
WARNING: [Synth 8-7129] Port AN[5] in module ComboLock is either unconnected or has no load
WARNING: [Synth 8-7129] Port AN[4] in module ComboLock is either unconnected or has no load
WARNING: [Synth 8-7129] Port AN[3] in module ComboLock is either unconnected or has no load
WARNING: [Synth 8-7129] Port AN[2] in module ComboLock is either unconnected or has no load
WARNING: [Synth 8-7129] Port AN[1] in module ComboLock is either unconnected or has no load
WARNING: [Synth 8-7129] Port AN[0] in module ComboLock is either unconnected or has no load
---------------------------------------------------------------------------------
Finished RTL Elaboration : Time (s): cpu = 00:00:05 ; elapsed = 00:00:08 . Memory (MB): peak = 1429.617 ; gain = 549.645
---------------------------------------------------------------------------------
---------------------------------------------------------------------------------
Start Handling Custom Attributes
---------------------------------------------------------------------------------
---------------------------------------------------------------------------------
Finished Handling Custom Attributes : Time (s): cpu = 00:00:06 ; elapsed = 00:00:08 . Memory (MB): peak = 1429.617 ; gain = 549.645
---------------------------------------------------------------------------------
---------------------------------------------------------------------------------
Finished RTL Optimization Phase 1 : Time (s): cpu = 00:00:06 ; elapsed = 00:00:08 . Memory (MB): peak = 1429.617 ; gain = 549.645
---------------------------------------------------------------------------------
Netlist sorting complete. Time (s): cpu = 00:00:00 ; elapsed = 00:00:00.004 . Memory (MB): peak = 1429.617 ; gain = 0.000
INFO: [Project 1-570] Preparing netlist for logic optimization

Processing XDC Constraints
Initializing timing engine
Parsing XDC File [H:/Desktop/Lab08/Lab08/Nexys4_Board_Material/Nexys4DDR_Master.xdc]
WARNING: [Vivado 12-584] No ports matched 'CLK100MHZ'. [H:/Desktop/Lab08/Lab08/Nexys4_Board_Material/Nexys4DDR_Master.xdc:7]
CRITICAL WARNING: [Common 17-55] 'set_property' expects at least one object. [H:/Desktop/Lab08/Lab08/Nexys4_Board_Material/Nexys4DDR_Master.xdc:7]
Resolution: If [get_<value>] was used to populate the object, check to make sure this command returns at least one valid object.
WARNING: [Vivado 12-584] No ports matched 'CLK100MHZ'. [H:/Desktop/Lab08/Lab08/Nexys4_Board_Material/Nexys4DDR_Master.xdc:8]
CRITICAL WARNING: [Vivado 12-4739] create_clock:No valid object(s) found for '-objects [get_ports CLK100MHZ]'. [H:/Desktop/Lab08/Lab08/Nexys4_Board_Material/Nexys4DDR_Master.xdc:8]
Resolution: Check if the specified object(s) exists in the current design. If it does, ensure that the correct design hierarchy was specified for the object. If you are working with clocks, make sure create_clock was used to create the clock object before it is referenced.
Finished Parsing XDC File [H:/Desktop/Lab08/Lab08/Nexys4_Board_Material/Nexys4DDR_Master.xdc]
INFO: [Project 1-236] Implementation specific constraints were found while reading constraint file [H:/Desktop/Lab08/Lab08/Nexys4_Board_Material/Nexys4DDR_Master.xdc]. These constraints will be ignored for synthesis but will be used in implementation. Impacted constraints are listed in the file [.Xil/ComboLock_propImpl.xdc].
Resolution: To avoid this warning, move constraints listed in [.Xil/ComboLock_propImpl.xdc] to another XDC file and exclude this new file from synthesis with the used_in_synthesis property (File Properties dialog in GUI) and re-run elaboration/synthesis.
Completed Processing XDC Constraints

Netlist sorting complete. Time (s): cpu = 00:00:00 ; elapsed = 00:00:00 . Memory (MB): peak = 1525.910 ; gain = 0.000
INFO: [Project 1-111] Unisim Transformation Summary:
No Unisim elements were transformed.

The system cannot find the path specified.
Constraint Validation Runtime : Time (s): cpu = 00:00:00 ; elapsed = 00:00:00.007 . Memory (MB): peak = 1525.910 ; gain = 0.000
INFO: [Designutils 20-5440] No compile time benefit to using incremental synthesis; A full resynthesis will be run
INFO: [Designutils 20-4379] Flow is switching to default flow due to incremental criteria not met. If you would like to alter this behaviour and have the flow terminate instead, please set the following parameter config_implementation {autoIncr.Synth.RejectBehavior Terminate}
---------------------------------------------------------------------------------
Finished Constraint Validation : Time (s): cpu = 00:00:12 ; elapsed = 00:00:17 . Memory (MB): peak = 1525.910 ; gain = 645.938
---------------------------------------------------------------------------------
---------------------------------------------------------------------------------
Start Loading Part and Timing Information
---------------------------------------------------------------------------------
Loading part: xc7a100tcsg324-1
---------------------------------------------------------------------------------
Finished Loading Part and Timing Information : Time (s): cpu = 00:00:12 ; elapsed = 00:00:17 . Memory (MB): peak = 1525.910 ; gain = 645.938
---------------------------------------------------------------------------------
---------------------------------------------------------------------------------
Start Applying 'set_property' XDC Constraints
---------------------------------------------------------------------------------
---------------------------------------------------------------------------------
Finished applying 'set_property' XDC Constraints : Time (s): cpu = 00:00:12 ; elapsed = 00:00:17 . Memory (MB): peak = 1525.910 ; gain = 645.938
---------------------------------------------------------------------------------
INFO: [Synth 8-802] inferred FSM for state register 'curr_state_reg' in module 'ComboLock'
WARNING: [Synth 8-327] inferring latch for variable 'dial_num_reg' [H:/Desktop/project_1/project_1.srcs/sources_1/new/combo-lock.vhd:129]
WARNING: [Synth 8-327] inferring latch for variable 'FSM_sequential_next_state_reg' [H:/Desktop/project_1/project_1.srcs/sources_1/new/combo-lock.vhd:68]
WARNING: [Synth 8-327] inferring latch for variable 'FSM_onehot_next_state_reg' [H:/Desktop/project_1/project_1.srcs/sources_1/new/combo-lock.vhd:68]
---------------------------------------------------------------------------------------------------
                   State |                     New Encoding |                Previous Encoding 
---------------------------------------------------------------------------------------------------
                  locked |                               00 |                               00
               comparing |                               01 |                               10
                unlocked |                               10 |                               01
                   error |                               11 |                               11
---------------------------------------------------------------------------------------------------
INFO: [Synth 8-3354] encoded FSM with state register 'curr_state_reg' using encoding 'sequential' in module 'ComboLock'
WARNING: [Synth 8-327] inferring latch for variable 'FSM_sequential_next_state_reg' [H:/Desktop/project_1/project_1.srcs/sources_1/new/combo-lock.vhd:68]
WARNING: [Synth 8-327] inferring latch for variable 'dial_num_reg' [H:/Desktop/project_1/project_1.srcs/sources_1/new/combo-lock.vhd:46]
WARNING: [Synth 8-327] inferring latch for variable 'index_reg' [H:/Desktop/project_1/project_1.srcs/sources_1/new/combo-lock.vhd:125]
WARNING: [Synth 8-327] inferring latch for variable 'index_reg' [H:/Desktop/project_1/project_1.srcs/sources_1/new/combo-lock.vhd:57]
WARNING: [Synth 8-327] inferring latch for variable 'skipped_second_num_reg' [H:/Desktop/project_1/project_1.srcs/sources_1/new/combo-lock.vhd:138]
WARNING: [Synth 8-327] inferring latch for variable 'past_third_num_reg' [H:/Desktop/project_1/project_1.srcs/sources_1/new/combo-lock.vhd:61]
WARNING: [Synth 8-327] inferring latch for variable 'input_seq_reg[1]' [H:/Desktop/project_1/project_1.srcs/sources_1/new/combo-lock.vhd:172]
WARNING: [Synth 8-327] inferring latch for variable 'input_seq_reg[2]' [H:/Desktop/project_1/project_1.srcs/sources_1/new/combo-lock.vhd:172]
WARNING: [Synth 8-327] inferring latch for variable 'input_seq_reg[0]' [H:/Desktop/project_1/project_1.srcs/sources_1/new/combo-lock.vhd:172]
WARNING: [Synth 8-327] inferring latch for variable 'valid_reg' [H:/Desktop/project_1/project_1.srcs/sources_1/new/combo-lock.vhd:126]
WARNING: [Synth 8-327] inferring latch for variable 'valid_reg' [H:/Desktop/project_1/project_1.srcs/sources_1/new/combo-lock.vhd:58]
---------------------------------------------------------------------------------
Finished RTL Optimization Phase 2 : Time (s): cpu = 00:00:12 ; elapsed = 00:00:18 . Memory (MB): peak = 1525.910 ; gain = 645.938
---------------------------------------------------------------------------------
---------------------------------------------------------------------------------
Start RTL Component Statistics 
---------------------------------------------------------------------------------
Detailed RTL Component Info : 
+---Adders : 
	   2 Input   32 Bit       Adders := 1     
	   2 Input   24 Bit       Adders := 1     
	   2 Input   23 Bit       Adders := 1     
	   2 Input    4 Bit       Adders := 3     
	   2 Input    2 Bit       Adders := 1     
+---Registers : 
	               24 Bit    Registers := 1     
	               23 Bit    Registers := 1     
	                2 Bit    Registers := 1     
	                1 Bit    Registers := 1     
+---Muxes : 
	   4 Input   32 Bit        Muxes := 1     
	   2 Input   24 Bit        Muxes := 1     
	   2 Input   23 Bit        Muxes := 1     
	  16 Input    7 Bit        Muxes := 1     
	   2 Input    7 Bit        Muxes := 1     
	   2 Input    4 Bit        Muxes := 5     
	   4 Input    4 Bit        Muxes := 2     
	   2 Input    2 Bit        Muxes := 5     
	   4 Input    2 Bit        Muxes := 1     
	   2 Input    1 Bit        Muxes := 18    
	   4 Input    1 Bit        Muxes := 11    
---------------------------------------------------------------------------------
Finished RTL Component Statistics 
---------------------------------------------------------------------------------
---------------------------------------------------------------------------------
Start Part Resource Summary
---------------------------------------------------------------------------------
Part Resources:
DSPs: 240 (col length:80)
BRAMs: 270 (col length: RAMB18 80 RAMB36 40)
---------------------------------------------------------------------------------
Finished Part Resource Summary
---------------------------------------------------------------------------------
---------------------------------------------------------------------------------
Start Cross Boundary and Area Optimization
---------------------------------------------------------------------------------
WARNING: [Synth 8-7080] Parallel synthesis criteria is not met
WARNING: [Synth 8-7129] Port AN[7] in module ComboLock is either unconnected or has no load
WARNING: [Synth 8-7129] Port AN[6] in module ComboLock is either unconnected or has no load
WARNING: [Synth 8-7129] Port AN[5] in module ComboLock is either unconnected or has no load
WARNING: [Synth 8-7129] Port AN[4] in module ComboLock is either unconnected or has no load
WARNING: [Synth 8-7129] Port AN[3] in module ComboLock is either unconnected or has no load
WARNING: [Synth 8-7129] Port AN[2] in module ComboLock is either unconnected or has no load
WARNING: [Synth 8-7129] Port AN[1] in module ComboLock is either unconnected or has no load
WARNING: [Synth 8-7129] Port AN[0] in module ComboLock is either unconnected or has no load
---------------------------------------------------------------------------------
Finished Cross Boundary and Area Optimization : Time (s): cpu = 00:00:14 ; elapsed = 00:00:22 . Memory (MB): peak = 1525.910 ; gain = 645.938
---------------------------------------------------------------------------------
---------------------------------------------------------------------------------
Start Applying XDC Timing Constraints
---------------------------------------------------------------------------------
---------------------------------------------------------------------------------
Finished Applying XDC Timing Constraints : Time (s): cpu = 00:00:19 ; elapsed = 00:00:27 . Memory (MB): peak = 1525.910 ; gain = 645.938
---------------------------------------------------------------------------------
---------------------------------------------------------------------------------
Start Timing Optimization
---------------------------------------------------------------------------------
---------------------------------------------------------------------------------
Finished Timing Optimization : Time (s): cpu = 00:00:19 ; elapsed = 00:00:27 . Memory (MB): peak = 1525.910 ; gain = 645.938
---------------------------------------------------------------------------------
---------------------------------------------------------------------------------
Start Technology Mapping
---------------------------------------------------------------------------------
---------------------------------------------------------------------------------
Finished Technology Mapping : Time (s): cpu = 00:00:19 ; elapsed = 00:00:27 . Memory (MB): peak = 1525.910 ; gain = 645.938
---------------------------------------------------------------------------------
---------------------------------------------------------------------------------
Start IO Insertion
---------------------------------------------------------------------------------
---------------------------------------------------------------------------------
Start Flattening Before IO Insertion
---------------------------------------------------------------------------------
---------------------------------------------------------------------------------
Finished Flattening Before IO Insertion
---------------------------------------------------------------------------------
---------------------------------------------------------------------------------
Start Final Netlist Cleanup
---------------------------------------------------------------------------------
---------------------------------------------------------------------------------
Finished Final Netlist Cleanup
---------------------------------------------------------------------------------
---------------------------------------------------------------------------------
Finished IO Insertion : Time (s): cpu = 00:00:23 ; elapsed = 00:00:32 . Memory (MB): peak = 1525.910 ; gain = 645.938
---------------------------------------------------------------------------------
---------------------------------------------------------------------------------
Start Renaming Generated Instances
---------------------------------------------------------------------------------
---------------------------------------------------------------------------------
Finished Renaming Generated Instances : Time (s): cpu = 00:00:23 ; elapsed = 00:00:32 . Memory (MB): peak = 1525.910 ; gain = 645.938
---------------------------------------------------------------------------------
CRITICAL WARNING: [Synth 8-6859] multi-driven net on pin dial_num[3] with 1st driver pin 'dial_num_reg[3]__1/Q' [H:/Desktop/project_1/project_1.srcs/sources_1/new/combo-lock.vhd:46]
CRITICAL WARNING: [Synth 8-6859] multi-driven net on pin dial_num[3] with 2nd driver pin 'dial_num_reg[3]__0/Q' [H:/Desktop/project_1/project_1.srcs/sources_1/new/combo-lock.vhd:84]
CRITICAL WARNING: [Synth 8-6859] multi-driven net on pin dial_num[3] with 3rd driver pin 'dial_num_reg[3]/Q' [H:/Desktop/project_1/project_1.srcs/sources_1/new/combo-lock.vhd:129]
CRITICAL WARNING: [Synth 8-6859] multi-driven net on pin dial_num[2] with 1st driver pin 'dial_num_reg[2]__1/Q' [H:/Desktop/project_1/project_1.srcs/sources_1/new/combo-lock.vhd:46]
CRITICAL WARNING: [Synth 8-6859] multi-driven net on pin dial_num[2] with 2nd driver pin 'dial_num_reg[2]__0/Q' [H:/Desktop/project_1/project_1.srcs/sources_1/new/combo-lock.vhd:84]
CRITICAL WARNING: [Synth 8-6859] multi-driven net on pin dial_num[2] with 3rd driver pin 'dial_num_reg[2]/Q' [H:/Desktop/project_1/project_1.srcs/sources_1/new/combo-lock.vhd:129]
CRITICAL WARNING: [Synth 8-6859] multi-driven net on pin dial_num[1] with 1st driver pin 'dial_num_reg[1]__1/Q' [H:/Desktop/project_1/project_1.srcs/sources_1/new/combo-lock.vhd:46]
CRITICAL WARNING: [Synth 8-6859] multi-driven net on pin dial_num[1] with 2nd driver pin 'dial_num_reg[1]__0/Q' [H:/Desktop/project_1/project_1.srcs/sources_1/new/combo-lock.vhd:84]
CRITICAL WARNING: [Synth 8-6859] multi-driven net on pin dial_num[1] with 3rd driver pin 'dial_num_reg[1]/Q' [H:/Desktop/project_1/project_1.srcs/sources_1/new/combo-lock.vhd:129]
CRITICAL WARNING: [Synth 8-6859] multi-driven net on pin dial_num[0] with 1st driver pin 'dial_num_reg[0]__1/Q' [H:/Desktop/project_1/project_1.srcs/sources_1/new/combo-lock.vhd:46]
CRITICAL WARNING: [Synth 8-6859] multi-driven net on pin dial_num[0] with 2nd driver pin 'dial_num_reg[0]__0/Q' [H:/Desktop/project_1/project_1.srcs/sources_1/new/combo-lock.vhd:84]
CRITICAL WARNING: [Synth 8-6859] multi-driven net on pin dial_num[0] with 3rd driver pin 'dial_num_reg[0]/Q' [H:/Desktop/project_1/project_1.srcs/sources_1/new/combo-lock.vhd:129]
CRITICAL WARNING: [Synth 8-6859] multi-driven net on pin index[31] with 1st driver pin 'index_reg[31]__0/Q' [H:/Desktop/project_1/project_1.srcs/sources_1/new/combo-lock.vhd:57]
CRITICAL WARNING: [Synth 8-6859] multi-driven net on pin index[31] with 2nd driver pin 'index_reg[31]/Q' [H:/Desktop/project_1/project_1.srcs/sources_1/new/combo-lock.vhd:125]
CRITICAL WARNING: [Synth 8-6859] multi-driven net on pin index[30] with 1st driver pin 'index_reg[30]__0/Q' [H:/Desktop/project_1/project_1.srcs/sources_1/new/combo-lock.vhd:57]
CRITICAL WARNING: [Synth 8-6859] multi-driven net on pin index[30] with 2nd driver pin 'index_reg[30]/Q' [H:/Desktop/project_1/project_1.srcs/sources_1/new/combo-lock.vhd:125]
CRITICAL WARNING: [Synth 8-6859] multi-driven net on pin index[29] with 1st driver pin 'index_reg[29]__0/Q' [H:/Desktop/project_1/project_1.srcs/sources_1/new/combo-lock.vhd:57]
CRITICAL WARNING: [Synth 8-6859] multi-driven net on pin index[29] with 2nd driver pin 'index_reg[29]/Q' [H:/Desktop/project_1/project_1.srcs/sources_1/new/combo-lock.vhd:125]
CRITICAL WARNING: [Synth 8-6859] multi-driven net on pin index[28] with 1st driver pin 'index_reg[28]__0/Q' [H:/Desktop/project_1/project_1.srcs/sources_1/new/combo-lock.vhd:57]
CRITICAL WARNING: [Synth 8-6859] multi-driven net on pin index[28] with 2nd driver pin 'index_reg[28]/Q' [H:/Desktop/project_1/project_1.srcs/sources_1/new/combo-lock.vhd:125]
CRITICAL WARNING: [Synth 8-6859] multi-driven net on pin index[27] with 1st driver pin 'index_reg[27]__0/Q' [H:/Desktop/project_1/project_1.srcs/sources_1/new/combo-lock.vhd:57]
CRITICAL WARNING: [Synth 8-6859] multi-driven net on pin index[27] with 2nd driver pin 'index_reg[27]/Q' [H:/Desktop/project_1/project_1.srcs/sources_1/new/combo-lock.vhd:125]
CRITICAL WARNING: [Synth 8-6859] multi-driven net on pin index[26] with 1st driver pin 'index_reg[26]__0/Q' [H:/Desktop/project_1/project_1.srcs/sources_1/new/combo-lock.vhd:57]
CRITICAL WARNING: [Synth 8-6859] multi-driven net on pin index[26] with 2nd driver pin 'index_reg[26]/Q' [H:/Desktop/project_1/project_1.srcs/sources_1/new/combo-lock.vhd:125]
CRITICAL WARNING: [Synth 8-6859] multi-driven net on pin index[25] with 1st driver pin 'index_reg[25]__0/Q' [H:/Desktop/project_1/project_1.srcs/sources_1/new/combo-lock.vhd:57]
CRITICAL WARNING: [Synth 8-6859] multi-driven net on pin index[25] with 2nd driver pin 'index_reg[25]/Q' [H:/Desktop/project_1/project_1.srcs/sources_1/new/combo-lock.vhd:125]
CRITICAL WARNING: [Synth 8-6859] multi-driven net on pin index[24] with 1st driver pin 'index_reg[24]__0/Q' [H:/Desktop/project_1/project_1.srcs/sources_1/new/combo-lock.vhd:57]
CRITICAL WARNING: [Synth 8-6859] multi-driven net on pin index[24] with 2nd driver pin 'index_reg[24]/Q' [H:/Desktop/project_1/project_1.srcs/sources_1/new/combo-lock.vhd:125]
CRITICAL WARNING: [Synth 8-6859] multi-driven net on pin index[23] with 1st driver pin 'index_reg[23]__0/Q' [H:/Desktop/project_1/project_1.srcs/sources_1/new/combo-lock.vhd:57]
CRITICAL WARNING: [Synth 8-6859] multi-driven net on pin index[23] with 2nd driver pin 'index_reg[23]/Q' [H:/Desktop/project_1/project_1.srcs/sources_1/new/combo-lock.vhd:125]
CRITICAL WARNING: [Synth 8-6859] multi-driven net on pin index[22] with 1st driver pin 'index_reg[22]__0/Q' [H:/Desktop/project_1/project_1.srcs/sources_1/new/combo-lock.vhd:57]
CRITICAL WARNING: [Synth 8-6859] multi-driven net on pin index[22] with 2nd driver pin 'index_reg[22]/Q' [H:/Desktop/project_1/project_1.srcs/sources_1/new/combo-lock.vhd:125]
CRITICAL WARNING: [Synth 8-6859] multi-driven net on pin index[21] with 1st driver pin 'index_reg[21]__0/Q' [H:/Desktop/project_1/project_1.srcs/sources_1/new/combo-lock.vhd:57]
CRITICAL WARNING: [Synth 8-6859] multi-driven net on pin index[21] with 2nd driver pin 'index_reg[21]/Q' [H:/Desktop/project_1/project_1.srcs/sources_1/new/combo-lock.vhd:125]
CRITICAL WARNING: [Synth 8-6859] multi-driven net on pin index[20] with 1st driver pin 'index_reg[20]__0/Q' [H:/Desktop/project_1/project_1.srcs/sources_1/new/combo-lock.vhd:57]
CRITICAL WARNING: [Synth 8-6859] multi-driven net on pin index[20] with 2nd driver pin 'index_reg[20]/Q' [H:/Desktop/project_1/project_1.srcs/sources_1/new/combo-lock.vhd:125]
CRITICAL WARNING: [Synth 8-6859] multi-driven net on pin index[19] with 1st driver pin 'index_reg[19]__0/Q' [H:/Desktop/project_1/project_1.srcs/sources_1/new/combo-lock.vhd:57]
CRITICAL WARNING: [Synth 8-6859] multi-driven net on pin index[19] with 2nd driver pin 'index_reg[19]/Q' [H:/Desktop/project_1/project_1.srcs/sources_1/new/combo-lock.vhd:125]
CRITICAL WARNING: [Synth 8-6859] multi-driven net on pin index[18] with 1st driver pin 'index_reg[18]__0/Q' [H:/Desktop/project_1/project_1.srcs/sources_1/new/combo-lock.vhd:57]
CRITICAL WARNING: [Synth 8-6859] multi-driven net on pin index[18] with 2nd driver pin 'index_reg[18]/Q' [H:/Desktop/project_1/project_1.srcs/sources_1/new/combo-lock.vhd:125]
CRITICAL WARNING: [Synth 8-6859] multi-driven net on pin index[17] with 1st driver pin 'index_reg[17]__0/Q' [H:/Desktop/project_1/project_1.srcs/sources_1/new/combo-lock.vhd:57]
CRITICAL WARNING: [Synth 8-6859] multi-driven net on pin index[17] with 2nd driver pin 'index_reg[17]/Q' [H:/Desktop/project_1/project_1.srcs/sources_1/new/combo-lock.vhd:125]
CRITICAL WARNING: [Synth 8-6859] multi-driven net on pin index[16] with 1st driver pin 'index_reg[16]__0/Q' [H:/Desktop/project_1/project_1.srcs/sources_1/new/combo-lock.vhd:57]
CRITICAL WARNING: [Synth 8-6859] multi-driven net on pin index[16] with 2nd driver pin 'index_reg[16]/Q' [H:/Desktop/project_1/project_1.srcs/sources_1/new/combo-lock.vhd:125]
CRITICAL WARNING: [Synth 8-6859] multi-driven net on pin index[15] with 1st driver pin 'index_reg[15]__0/Q' [H:/Desktop/project_1/project_1.srcs/sources_1/new/combo-lock.vhd:57]
CRITICAL WARNING: [Synth 8-6859] multi-driven net on pin index[15] with 2nd driver pin 'index_reg[15]/Q' [H:/Desktop/project_1/project_1.srcs/sources_1/new/combo-lock.vhd:125]
CRITICAL WARNING: [Synth 8-6859] multi-driven net on pin index[14] with 1st driver pin 'index_reg[14]__0/Q' [H:/Desktop/project_1/project_1.srcs/sources_1/new/combo-lock.vhd:57]
CRITICAL WARNING: [Synth 8-6859] multi-driven net on pin index[14] with 2nd driver pin 'index_reg[14]/Q' [H:/Desktop/project_1/project_1.srcs/sources_1/new/combo-lock.vhd:125]
CRITICAL WARNING: [Synth 8-6859] multi-driven net on pin index[13] with 1st driver pin 'index_reg[13]__0/Q' [H:/Desktop/project_1/project_1.srcs/sources_1/new/combo-lock.vhd:57]
CRITICAL WARNING: [Synth 8-6859] multi-driven net on pin index[13] with 2nd driver pin 'index_reg[13]/Q' [H:/Desktop/project_1/project_1.srcs/sources_1/new/combo-lock.vhd:125]
CRITICAL WARNING: [Synth 8-6859] multi-driven net on pin index[12] with 1st driver pin 'index_reg[12]__0/Q' [H:/Desktop/project_1/project_1.srcs/sources_1/new/combo-lock.vhd:57]
CRITICAL WARNING: [Synth 8-6859] multi-driven net on pin index[12] with 2nd driver pin 'index_reg[12]/Q' [H:/Desktop/project_1/project_1.srcs/sources_1/new/combo-lock.vhd:125]
CRITICAL WARNING: [Synth 8-6859] multi-driven net on pin index[11] with 1st driver pin 'index_reg[11]__0/Q' [H:/Desktop/project_1/project_1.srcs/sources_1/new/combo-lock.vhd:57]
CRITICAL WARNING: [Synth 8-6859] multi-driven net on pin index[11] with 2nd driver pin 'index_reg[11]/Q' [H:/Desktop/project_1/project_1.srcs/sources_1/new/combo-lock.vhd:125]
CRITICAL WARNING: [Synth 8-6859] multi-driven net on pin index[10] with 1st driver pin 'index_reg[10]__0/Q' [H:/Desktop/project_1/project_1.srcs/sources_1/new/combo-lock.vhd:57]
CRITICAL WARNING: [Synth 8-6859] multi-driven net on pin index[10] with 2nd driver pin 'index_reg[10]/Q' [H:/Desktop/project_1/project_1.srcs/sources_1/new/combo-lock.vhd:125]
CRITICAL WARNING: [Synth 8-6859] multi-driven net on pin index[9] with 1st driver pin 'index_reg[9]__0/Q' [H:/Desktop/project_1/project_1.srcs/sources_1/new/combo-lock.vhd:57]
CRITICAL WARNING: [Synth 8-6859] multi-driven net on pin index[9] with 2nd driver pin 'index_reg[9]/Q' [H:/Desktop/project_1/project_1.srcs/sources_1/new/combo-lock.vhd:125]
CRITICAL WARNING: [Synth 8-6859] multi-driven net on pin index[8] with 1st driver pin 'index_reg[8]__0/Q' [H:/Desktop/project_1/project_1.srcs/sources_1/new/combo-lock.vhd:57]
CRITICAL WARNING: [Synth 8-6859] multi-driven net on pin index[8] with 2nd driver pin 'index_reg[8]/Q' [H:/Desktop/project_1/project_1.srcs/sources_1/new/combo-lock.vhd:125]
CRITICAL WARNING: [Synth 8-6859] multi-driven net on pin index[7] with 1st driver pin 'index_reg[7]__0/Q' [H:/Desktop/project_1/project_1.srcs/sources_1/new/combo-lock.vhd:57]
CRITICAL WARNING: [Synth 8-6859] multi-driven net on pin index[7] with 2nd driver pin 'index_reg[7]/Q' [H:/Desktop/project_1/project_1.srcs/sources_1/new/combo-lock.vhd:125]
CRITICAL WARNING: [Synth 8-6859] multi-driven net on pin index[6] with 1st driver pin 'index_reg[6]__0/Q' [H:/Desktop/project_1/project_1.srcs/sources_1/new/combo-lock.vhd:57]
CRITICAL WARNING: [Synth 8-6859] multi-driven net on pin index[6] with 2nd driver pin 'index_reg[6]/Q' [H:/Desktop/project_1/project_1.srcs/sources_1/new/combo-lock.vhd:125]
CRITICAL WARNING: [Synth 8-6859] multi-driven net on pin index[5] with 1st driver pin 'index_reg[5]__0/Q' [H:/Desktop/project_1/project_1.srcs/sources_1/new/combo-lock.vhd:57]
CRITICAL WARNING: [Synth 8-6859] multi-driven net on pin index[5] with 2nd driver pin 'index_reg[5]/Q' [H:/Desktop/project_1/project_1.srcs/sources_1/new/combo-lock.vhd:125]
CRITICAL WARNING: [Synth 8-6859] multi-driven net on pin index[4] with 1st driver pin 'index_reg[4]__0/Q' [H:/Desktop/project_1/project_1.srcs/sources_1/new/combo-lock.vhd:57]
CRITICAL WARNING: [Synth 8-6859] multi-driven net on pin index[4] with 2nd driver pin 'index_reg[4]/Q' [H:/Desktop/project_1/project_1.srcs/sources_1/new/combo-lock.vhd:125]
CRITICAL WARNING: [Synth 8-6859] multi-driven net on pin index[3] with 1st driver pin 'index_reg[3]__0/Q' [H:/Desktop/project_1/project_1.srcs/sources_1/new/combo-lock.vhd:57]
CRITICAL WARNING: [Synth 8-6859] multi-driven net on pin index[3] with 2nd driver pin 'index_reg[3]/Q' [H:/Desktop/project_1/project_1.srcs/sources_1/new/combo-lock.vhd:125]
CRITICAL WARNING: [Synth 8-6859] multi-driven net on pin index[2] with 1st driver pin 'index_reg[2]__0/Q' [H:/Desktop/project_1/project_1.srcs/sources_1/new/combo-lock.vhd:57]
CRITICAL WARNING: [Synth 8-6859] multi-driven net on pin index[2] with 2nd driver pin 'index_reg[2]/Q' [H:/Desktop/project_1/project_1.srcs/sources_1/new/combo-lock.vhd:125]
CRITICAL WARNING: [Synth 8-6859] multi-driven net on pin index[1] with 1st driver pin 'index_reg[1]__0/Q' [H:/Desktop/project_1/project_1.srcs/sources_1/new/combo-lock.vhd:57]
CRITICAL WARNING: [Synth 8-6859] multi-driven net on pin index[1] with 2nd driver pin 'index_reg[1]/Q' [H:/Desktop/project_1/project_1.srcs/sources_1/new/combo-lock.vhd:125]
CRITICAL WARNING: [Synth 8-6859] multi-driven net on pin index[0] with 1st driver pin 'index_reg[0]__0/Q' [H:/Desktop/project_1/project_1.srcs/sources_1/new/combo-lock.vhd:57]
CRITICAL WARNING: [Synth 8-6859] multi-driven net on pin index[0] with 2nd driver pin 'index_reg[0]/Q' [H:/Desktop/project_1/project_1.srcs/sources_1/new/combo-lock.vhd:125]
CRITICAL WARNING: [Synth 8-6859] multi-driven net on pin valid with 1st driver pin 'valid_reg__0/Q' [H:/Desktop/project_1/project_1.srcs/sources_1/new/combo-lock.vhd:58]
CRITICAL WARNING: [Synth 8-6859] multi-driven net on pin valid with 2nd driver pin 'valid_reg/Q' [H:/Desktop/project_1/project_1.srcs/sources_1/new/combo-lock.vhd:126]

Report Check Netlist: 
+------+------------------+-------+---------+-------+------------------+
|      |Item              |Errors |Warnings |Status |Description       |
+------+------------------+-------+---------+-------+------------------+
|1     |multi_driven_nets |      0|       37|Failed |Multi driven nets |
+------+------------------+-------+---------+-------+------------------+
---------------------------------------------------------------------------------
Start Rebuilding User Hierarchy
---------------------------------------------------------------------------------
---------------------------------------------------------------------------------
Finished Rebuilding User Hierarchy : Time (s): cpu = 00:00:23 ; elapsed = 00:00:32 . Memory (MB): peak = 1525.910 ; gain = 645.938
---------------------------------------------------------------------------------
---------------------------------------------------------------------------------
Start Renaming Generated Ports
---------------------------------------------------------------------------------
---------------------------------------------------------------------------------
Finished Renaming Generated Ports : Time (s): cpu = 00:00:23 ; elapsed = 00:00:32 . Memory (MB): peak = 1525.910 ; gain = 645.938
---------------------------------------------------------------------------------
---------------------------------------------------------------------------------
Start Handling Custom Attributes
---------------------------------------------------------------------------------
---------------------------------------------------------------------------------
Finished Handling Custom Attributes : Time (s): cpu = 00:00:23 ; elapsed = 00:00:32 . Memory (MB): peak = 1525.910 ; gain = 645.938
---------------------------------------------------------------------------------
---------------------------------------------------------------------------------
Start Renaming Generated Nets
---------------------------------------------------------------------------------
---------------------------------------------------------------------------------
Finished Renaming Generated Nets : Time (s): cpu = 00:00:23 ; elapsed = 00:00:32 . Memory (MB): peak = 1525.910 ; gain = 645.938
---------------------------------------------------------------------------------
---------------------------------------------------------------------------------
Start Writing Synthesis Report
---------------------------------------------------------------------------------

Report BlackBoxes: 
+-+--------------+----------+
| |BlackBox name |Instances |
+-+--------------+----------+
+-+--------------+----------+

Report Cell Usage: 
+------+-------+------+
|      |Cell   |Count |
+------+-------+------+
|1     |BUFG   |     3|
|2     |CARRY4 |    20|
|3     |LUT1   |     3|
|4     |LUT2   |    62|
|5     |LUT3   |    32|
|6     |LUT4   |    17|
|7     |LUT5   |    16|
|8     |LUT6   |    27|
|9     |FDCE   |    52|
|10    |FDRE   |     4|
|11    |LD     |    93|
|12    |IBUF   |     5|
|13    |OBUF   |     7|
|14    |OBUFT  |     8|
+------+-------+------+
---------------------------------------------------------------------------------
Finished Writing Synthesis Report : Time (s): cpu = 00:00:23 ; elapsed = 00:00:32 . Memory (MB): peak = 1525.910 ; gain = 645.938
---------------------------------------------------------------------------------
Synthesis finished with 0 errors, 78 critical warnings and 23 warnings.
Synthesis Optimization Runtime : Time (s): cpu = 00:00:16 ; elapsed = 00:00:31 . Memory (MB): peak = 1525.910 ; gain = 549.645
Synthesis Optimization Complete : Time (s): cpu = 00:00:23 ; elapsed = 00:00:32 . Memory (MB): peak = 1525.910 ; gain = 645.938
INFO: [Project 1-571] Translating synthesized netlist
Netlist sorting complete. Time (s): cpu = 00:00:00 ; elapsed = 00:00:00.003 . Memory (MB): peak = 1525.910 ; gain = 0.000
INFO: [Netlist 29-17] Analyzing 113 Unisim elements for replacement
INFO: [Netlist 29-28] Unisim Transformation completed in 0 CPU seconds
INFO: [Project 1-570] Preparing netlist for logic optimization
INFO: [Opt 31-138] Pushed 0 inverter(s) to 0 load pin(s).
Netlist sorting complete. Time (s): cpu = 00:00:00 ; elapsed = 00:00:00 . Memory (MB): peak = 1525.910 ; gain = 0.000
INFO: [Project 1-111] Unisim Transformation Summary:
  A total of 93 instances were transformed.
  LD => LDCE: 93 instances

The system cannot find the path specified.
Synth Design complete | Checksum: cf640cd7
INFO: [Common 17-83] Releasing license: Synthesis
30 Infos, 41 Warnings, 80 Critical Warnings and 0 Errors encountered.
synth_design completed successfully
synth_design: Time (s): cpu = 00:00:27 ; elapsed = 00:00:39 . Memory (MB): peak = 1525.910 ; gain = 1053.914
INFO: [runtcl-6] Synthesis results are not added to the cache due to CRITICAL_WARNING
Write ShapeDB Complete: Time (s): cpu = 00:00:00 ; elapsed = 00:00:00.008 . Memory (MB): peak = 1525.910 ; gain = 0.000
INFO: [Common 17-1381] The checkpoint 'H:/Desktop/project_1/project_1.runs/synth_1/ComboLock.dcp' has been generated.
INFO: [runtcl-4] Executing : report_utilization -file ComboLock_utilization_synth.rpt -pb ComboLock_utilization_synth.pb
INFO: [Common 17-206] Exiting Vivado at Tue May  6 22:48:12 2025...
