
*** Running vivado
    with args -log ComboLock.vdi -applog -m64 -product Vivado -messageDb vivado.pb -mode batch -source ComboLock.tcl -notrace


ECHO is off.
ECHO is off.

****** Vivado v2023.2 (64-bit)
  **** SW Build 4029153 on Fri Oct 13 20:14:34 MDT 2023
  **** IP Build 4028589 on Sat Oct 14 00:45:43 MDT 2023
  **** SharedData Build 4025554 on Tue Oct 10 17:18:54 MDT 2023
    ** Copyright 1986-2022 Xilinx, Inc. All Rights Reserved.
    ** Copyright 2022-2023 Advanced Micro Devices, Inc. All Rights Reserved.

source ComboLock.tcl -notrace
create_project: Time (s): cpu = 00:00:04 ; elapsed = 00:00:07 . Memory (MB): peak = 467.418 ; gain = 182.500
Command: link_design -top ComboLock -part xc7a100tcsg324-1
Design is defaulting to srcset: sources_1
Design is defaulting to constrset: constrs_1
INFO: [Device 21-403] Loading part xc7a100tcsg324-1
Netlist sorting complete. Time (s): cpu = 00:00:00 ; elapsed = 00:00:00.002 . Memory (MB): peak = 880.684 ; gain = 0.000
INFO: [Netlist 29-17] Analyzing 20 Unisim elements for replacement
INFO: [Netlist 29-28] Unisim Transformation completed in 0 CPU seconds
INFO: [Project 1-479] Netlist was created with Vivado 2023.2
INFO: [Project 1-570] Preparing netlist for logic optimization
Parsing XDC File [H:/Desktop/Lab08/Lab08/Nexys4_Board_Material/Nexys4DDR_Master.xdc]
WARNING: [Vivado 12-584] No ports matched 'CLK100MHZ'. [H:/Desktop/Lab08/Lab08/Nexys4_Board_Material/Nexys4DDR_Master.xdc:7]
CRITICAL WARNING: [Common 17-55] 'set_property' expects at least one object. [H:/Desktop/Lab08/Lab08/Nexys4_Board_Material/Nexys4DDR_Master.xdc:7]
Resolution: If [get_<value>] was used to populate the object, check to make sure this command returns at least one valid object.
WARNING: [Vivado 12-584] No ports matched 'CLK100MHZ'. [H:/Desktop/Lab08/Lab08/Nexys4_Board_Material/Nexys4DDR_Master.xdc:8]
CRITICAL WARNING: [Vivado 12-4739] create_clock:No valid object(s) found for '-objects [get_ports CLK100MHZ]'. [H:/Desktop/Lab08/Lab08/Nexys4_Board_Material/Nexys4DDR_Master.xdc:8]
Resolution: Check if the specified object(s) exists in the current design. If it does, ensure that the correct design hierarchy was specified for the object. If you are working with clocks, make sure create_clock was used to create the clock object before it is referenced.
Finished Parsing XDC File [H:/Desktop/Lab08/Lab08/Nexys4_Board_Material/Nexys4DDR_Master.xdc]
INFO: [Opt 31-138] Pushed 0 inverter(s) to 0 load pin(s).
Netlist sorting complete. Time (s): cpu = 00:00:00 ; elapsed = 00:00:00 . Memory (MB): peak = 1001.473 ; gain = 0.000
INFO: [Project 1-111] Unisim Transformation Summary:
No Unisim elements were transformed.

The system cannot find the path specified.
7 Infos, 2 Warnings, 2 Critical Warnings and 0 Errors encountered.
link_design completed successfully
link_design: Time (s): cpu = 00:00:05 ; elapsed = 00:00:07 . Memory (MB): peak = 1005.520 ; gain = 538.102
Command: opt_design
Attempting to get a license for feature 'Implementation' and/or device 'xc7a100t'
INFO: [Common 17-349] Got license for feature 'Implementation' and/or device 'xc7a100t'
Running DRC as a precondition to command opt_design

Starting DRC Task
INFO: [DRC 23-27] Running DRC with 2 threads
ERROR: [DRC MDRV-1] Multiple Driver Nets: Net dial_num[0] has multiple drivers: dial_num_reg[0]__0/Q, dial_num_reg[0]__1/Q, and dial_num_reg[0]/Q.
ERROR: [DRC MDRV-1] Multiple Driver Nets: Net dial_num[1] has multiple drivers: dial_num_reg[1]/Q, dial_num_reg[1]__0/Q, and dial_num_reg[1]__1/Q.
ERROR: [DRC MDRV-1] Multiple Driver Nets: Net dial_num[2] has multiple drivers: dial_num_reg[2]/Q, dial_num_reg[2]__1/Q, and dial_num_reg[2]__0/Q.
ERROR: [DRC MDRV-1] Multiple Driver Nets: Net dial_num[3] has multiple drivers: dial_num_reg[3]/Q, dial_num_reg[3]__0/Q, and dial_num_reg[3]__1/Q.
ERROR: [DRC MDRV-1] Multiple Driver Nets: Net index[0] has multiple drivers: index_reg[0]/Q, and index_reg[0]__0/Q.
ERROR: [DRC MDRV-1] Multiple Driver Nets: Net index[10] has multiple drivers: index_reg[10]/Q, and index_reg[10]__0/Q.
ERROR: [DRC MDRV-1] Multiple Driver Nets: Net index[11] has multiple drivers: index_reg[11]/Q, and index_reg[11]__0/Q.
ERROR: [DRC MDRV-1] Multiple Driver Nets: Net index[12] has multiple drivers: index_reg[12]__0/Q, and index_reg[12]/Q.
ERROR: [DRC MDRV-1] Multiple Driver Nets: Net index[13] has multiple drivers: index_reg[13]__0/Q, and index_reg[13]/Q.
ERROR: [DRC MDRV-1] Multiple Driver Nets: Net index[14] has multiple drivers: index_reg[14]/Q, and index_reg[14]__0/Q.
ERROR: [DRC MDRV-1] Multiple Driver Nets: Net index[15] has multiple drivers: index_reg[15]__0/Q, and index_reg[15]/Q.
ERROR: [DRC MDRV-1] Multiple Driver Nets: Net index[16] has multiple drivers: index_reg[16]__0/Q, and index_reg[16]/Q.
ERROR: [DRC MDRV-1] Multiple Driver Nets: Net index[17] has multiple drivers: index_reg[17]__0/Q, and index_reg[17]/Q.
ERROR: [DRC MDRV-1] Multiple Driver Nets: Net index[18] has multiple drivers: index_reg[18]__0/Q, and index_reg[18]/Q.
ERROR: [DRC MDRV-1] Multiple Driver Nets: Net index[19] has multiple drivers: index_reg[19]__0/Q, and index_reg[19]/Q.
ERROR: [DRC MDRV-1] Multiple Driver Nets: Net index[1] has multiple drivers: index_reg[1]__0/Q, and index_reg[1]/Q.
ERROR: [DRC MDRV-1] Multiple Driver Nets: Net index[20] has multiple drivers: index_reg[20]__0/Q, and index_reg[20]/Q.
ERROR: [DRC MDRV-1] Multiple Driver Nets: Net index[21] has multiple drivers: index_reg[21]__0/Q, and index_reg[21]/Q.
ERROR: [DRC MDRV-1] Multiple Driver Nets: Net index[22] has multiple drivers: index_reg[22]/Q, and index_reg[22]__0/Q.
ERROR: [DRC MDRV-1] Multiple Driver Nets: Net index[23] has multiple drivers: index_reg[23]__0/Q, and index_reg[23]/Q.
ERROR: [DRC MDRV-1] Multiple Driver Nets: Net index[24] has multiple drivers: index_reg[24]__0/Q, and index_reg[24]/Q.
ERROR: [DRC MDRV-1] Multiple Driver Nets: Net index[25] has multiple drivers: index_reg[25]__0/Q, and index_reg[25]/Q.
ERROR: [DRC MDRV-1] Multiple Driver Nets: Net index[26] has multiple drivers: index_reg[26]__0/Q, and index_reg[26]/Q.
ERROR: [DRC MDRV-1] Multiple Driver Nets: Net index[27] has multiple drivers: index_reg[27]__0/Q, and index_reg[27]/Q.
ERROR: [DRC MDRV-1] Multiple Driver Nets: Net index[28] has multiple drivers: index_reg[28]__0/Q, and index_reg[28]/Q.
ERROR: [DRC MDRV-1] Multiple Driver Nets: Net index[29] has multiple drivers: index_reg[29]/Q, and index_reg[29]__0/Q.
ERROR: [DRC MDRV-1] Multiple Driver Nets: Net index[2] has multiple drivers: index_reg[2]/Q, and index_reg[2]__0/Q.
ERROR: [DRC MDRV-1] Multiple Driver Nets: Net index[30] has multiple drivers: index_reg[30]/Q, and index_reg[30]__0/Q.
ERROR: [DRC MDRV-1] Multiple Driver Nets: Net index[31] has multiple drivers: index_reg[31]__0/Q, and index_reg[31]/Q.
ERROR: [DRC MDRV-1] Multiple Driver Nets: Net index[3] has multiple drivers: index_reg[3]__0/Q, and index_reg[3]/Q.
ERROR: [DRC MDRV-1] Multiple Driver Nets: Net index[4] has multiple drivers: index_reg[4]__0/Q, and index_reg[4]/Q.
ERROR: [DRC MDRV-1] Multiple Driver Nets: Net index[5] has multiple drivers: index_reg[5]__0/Q, and index_reg[5]/Q.
ERROR: [DRC MDRV-1] Multiple Driver Nets: Net index[6] has multiple drivers: index_reg[6]/Q, and index_reg[6]__0/Q.
ERROR: [DRC MDRV-1] Multiple Driver Nets: Net index[7] has multiple drivers: index_reg[7]/Q, and index_reg[7]__0/Q.
ERROR: [DRC MDRV-1] Multiple Driver Nets: Net index[8] has multiple drivers: index_reg[8]/Q, and index_reg[8]__0/Q.
ERROR: [DRC MDRV-1] Multiple Driver Nets: Net index[9] has multiple drivers: index_reg[9]__0/Q, and index_reg[9]/Q.
ERROR: [DRC MDRV-1] Multiple Driver Nets: Net valid has multiple drivers: valid_reg__0/Q, and valid_reg/Q.
INFO: [Project 1-461] DRC finished with 37 Errors
INFO: [Project 1-462] Please refer to the DRC report (report_drc) for more information.
ERROR: [Vivado_Tcl 4-78] Error(s) found during DRC. Opt_design not run.

Time (s): cpu = 00:00:01 ; elapsed = 00:00:01 . Memory (MB): peak = 1026.750 ; gain = 21.230
INFO: [Common 17-83] Releasing license: Implementation
12 Infos, 2 Warnings, 2 Critical Warnings and 38 Errors encountered.
opt_design failed
ERROR: [Common 17-39] 'opt_design' failed due to earlier errors.

INFO: [Common 17-206] Exiting Vivado at Tue May  6 22:48:38 2025...
